<?xml version="1.0" encoding="UTF-8"?>
<!-- Generated by org.testng.reporters.JUnitXMLReporter -->
<testsuite hostname="kushal-PC" ignored="0" name="Default test" tests="3" failures="0" timestamp="22 Dec 2021 17:52:08 GMT" time="30.221" errors="0">
  <testcase name="greenkartHome" time="0.082" classname="windowHandles.tabClick"/>
  <testcase name="documentpage" time="4.503" classname="windowHandles.tabClick"/>
  <testcase name="javaAlert" time="3.598" classname="windowHandles.tabClick"/>
</testsuite> <!-- Default test -->
